{
  "stats": {
    "suites": 1,
    "tests": 6,
    "passes": 6,
    "pending": 0,
    "failures": 0,
    "start": "2019-05-18T14:39:59.992Z",
    "end": "2019-05-18T14:42:27.207Z",
    "duration": 147215,
    "testsRegistered": 6,
    "passPercent": 100,
    "pendingPercent": 0,
    "other": 0,
    "hasOther": false,
    "skipped": 0,
    "hasSkipped": false,
    "passPercentClass": "success",
    "pendingPercentClass": "danger"
  },
  "suites": {
    "uuid": "81ba432f-f013-4c30-af7f-7b3374338902",
    "title": "",
    "fullFile": "",
    "file": "",
    "beforeHooks": [],
    "afterHooks": [],
    "tests": [],
    "suites": [
      {
        "uuid": "23a86b07-304e-4014-9f26-15be5aa47d8a",
        "title": "Log in",
        "fullFile": "",
        "file": "",
        "beforeHooks": [],
        "afterHooks": [],
        "tests": [
          {
            "title": "Login positive flow",
            "fullTitle": "Log in Login positive flow",
            "duration": 21956,
            "state": "passed",
            "speed": "slow",
            "pass": true,
            "fail": false,
            "pending": false,
            "code": "cy.get('#email').type('abc@xyz.com');\ncy.get('#password').type('123456');\ncy.get('#login-block > .enrollment-body > .enrollment-btn').click(); //check if the account is created successfully\ncy.get('#success-block > .enrollment-body').should('contain', 'Congratulations!');\ncy.log('Login successful'); //check if One Payment of $997 is automatically pre-selected\ncy.get('[for=\"plan-7b8d928a-043c-4e19-a169-4dcb381794e4\"] > .price-block > .price-block-title').invoke('attr', 'checked', true);",
            "err": {},
            "isRoot": false,
            "uuid": "6dd77902-da59-45ce-b2d9-0050b5a0f6fe",
            "isHook": false,
            "skipped": false
          },
          {
            "title": "Login when username or password is wrong",
            "fullTitle": "Log in Login when username or password is wrong",
            "duration": 21251,
            "state": "passed",
            "speed": "slow",
            "pass": true,
            "fail": false,
            "pending": false,
            "code": "cy.get('#email').type('abc@xyz.com');\ncy.get('#password').type('12346');\ncy.get('#login-block > .enrollment-body > .enrollment-btn').click();\ncy.get('#login-error').should('contain', 'Bad username/password. Please try again.');",
            "err": {},
            "isRoot": false,
            "uuid": "290621b6-f260-45c2-b1b3-00323777f833",
            "isHook": false,
            "skipped": false
          },
          {
            "title": "Create Account from the Login screen",
            "fullTitle": "Log in Create Account from the Login screen",
            "duration": 15323,
            "state": "passed",
            "speed": "slow",
            "pass": true,
            "fail": false,
            "pending": false,
            "code": "//click on the create an account\ncy.get('#create').click();\ncy.get('#n_name').type('ab');\ncy.get('#n_email').type('gty@xyz.com');\ncy.get('#n_username').type('dtkrefgre');\ncy.get('#n_password').type('123456');\ncy.get('#signup-block > .enrollment-body > .enrollment-btn').click(); //check if the account is created successfully\ncy.get('#success-block > .enrollment-body').should('contain', 'Congratulations!');",
            "err": {},
            "isRoot": false,
            "uuid": "bfc6054c-becb-4f4f-8015-540ec9923a42",
            "isHook": false,
            "skipped": false
          },
          {
            "title": "Forgot Password functionality when account doesn't exists",
            "fullTitle": "Log in Forgot Password functionality when account doesn't exists",
            "duration": 49048,
            "state": "passed",
            "speed": "slow",
            "pass": true,
            "fail": false,
            "pending": false,
            "code": "cy.get('#email').type('abc@xyz.com');\ncy.get('#password').type('12346');\ncy.get('#login-block > .enrollment-body > .enrollment-btn').click(); //click on Forgot Password\ncy.get('.misc-login-option > :nth-child(1) > a').click(); //check for non registered email\ncy.get('input').type('dsheoran03@gmail.com');\ncy.get('.btn').click(); //check for the error message\ncy.get('.message').should('contain', 'No account exists for dsheoran03@gmail.com. Maybe you signed up with a different / incorrect email address?');",
            "err": {},
            "isRoot": false,
            "uuid": "1a6b291d-01dc-4cd2-8856-9478fbd47f0b",
            "isHook": false,
            "skipped": false
          },
          {
            "title": "Forgot Password functionality for an invalid email",
            "fullTitle": "Log in Forgot Password functionality for an invalid email",
            "duration": 734,
            "state": "passed",
            "speed": "slow",
            "pass": true,
            "fail": false,
            "pending": false,
            "code": "cy.get('#email').type('abc@xyz.com');\ncy.get('#password').type('12346');\ncy.get('#login-block > .enrollment-body > .enrollment-btn').click(); //click on Forgot Password\ncy.get('.misc-login-option > :nth-child(1) > a').click(); //check for invalid email\ncy.get('input').type('abc@xyz.c');\ncy.get('.btn').click(); //check for the error message\ncy.get('.message').should('contain', 'Not a valid email address');",
            "err": {},
            "isRoot": false,
            "uuid": "803078f8-f592-40dd-a864-657b9b1fbf19",
            "isHook": false,
            "skipped": false
          },
          {
            "title": "Forgot Password",
            "fullTitle": "Log in Forgot Password",
            "duration": 38534,
            "state": "passed",
            "speed": "slow",
            "pass": true,
            "fail": false,
            "pending": false,
            "code": "cy.get('#email').type('abc@xyz.com');\ncy.get('#password').type('12346');\ncy.get('#login-block > .enrollment-body > .enrollment-btn').click(); //click on Forgot Password\ncy.get('.misc-login-option > :nth-child(1) > a').click();\ncy.get('input').type('abc@xyz.com');\ncy.get('.btn').click(); //check if the email sent message is displayed\ncy.get('.message').should('contain', 'We sent you an e-mail with instructions on how to reset your password.');",
            "err": {},
            "isRoot": false,
            "uuid": "4b1ddc7d-028b-4670-9d0e-341a406e725e",
            "isHook": false,
            "skipped": false
          }
        ],
        "suites": [],
        "passes": [
          "6dd77902-da59-45ce-b2d9-0050b5a0f6fe",
          "290621b6-f260-45c2-b1b3-00323777f833",
          "bfc6054c-becb-4f4f-8015-540ec9923a42",
          "1a6b291d-01dc-4cd2-8856-9478fbd47f0b",
          "803078f8-f592-40dd-a864-657b9b1fbf19",
          "4b1ddc7d-028b-4670-9d0e-341a406e725e"
        ],
        "failures": [],
        "pending": [],
        "skipped": [],
        "duration": 146846,
        "root": false,
        "rootEmpty": false,
        "_timeout": 2000
      }
    ],
    "passes": [],
    "failures": [],
    "pending": [],
    "skipped": [],
    "duration": 0,
    "root": true,
    "rootEmpty": true,
    "_timeout": 2000
  },
  "copyrightYear": 2019
}