{
  "stats": {
    "suites": 1,
    "tests": 11,
    "passes": 11,
    "pending": 0,
    "failures": 0,
    "start": "2019-05-18T14:34:41.397Z",
    "end": "2019-05-18T14:38:31.993Z",
    "duration": 230596,
    "testsRegistered": 11,
    "passPercent": 100,
    "pendingPercent": 0,
    "other": 0,
    "hasOther": false,
    "skipped": 0,
    "hasSkipped": false,
    "passPercentClass": "success",
    "pendingPercentClass": "danger"
  },
  "suites": {
    "uuid": "eed8b6e3-462b-4da7-b83f-c21d4b9abd39",
    "title": "",
    "fullFile": "",
    "file": "",
    "beforeHooks": [],
    "afterHooks": [],
    "tests": [],
    "suites": [
      {
        "uuid": "e2027cfe-e2da-4115-85c1-0769aab8e193",
        "title": "Create Account",
        "fullFile": "",
        "file": "",
        "beforeHooks": [],
        "afterHooks": [],
        "tests": [
          {
            "title": "Create Account positive flow",
            "fullTitle": "Create Account Create Account positive flow",
            "duration": 46439,
            "state": "passed",
            "speed": "slow",
            "pass": true,
            "fail": false,
            "pending": false,
            "code": "cy.get('#n_name').type('ab');\ncy.get('#n_email').type('zdb@xyz.com');\ncy.get('#n_username').type('dtkrefgre');\ncy.get('#n_password').type('123456');\ncy.get('#signup-block > .enrollment-body > .enrollment-btn').click(); //check if the account is created successfully\ncy.get('#success-block > .enrollment-body').should('contain', 'Congratulations!');",
            "err": {},
            "isRoot": false,
            "uuid": "b93a61da-bfc1-44e9-bf5a-3159e653e816",
            "isHook": false,
            "skipped": false
          },
          {
            "title": "Create Account when email address is invalid",
            "fullTitle": "Create Account Create Account when email address is invalid",
            "duration": 21396,
            "state": "passed",
            "speed": "slow",
            "pass": true,
            "fail": false,
            "pending": false,
            "code": "cy.get('#n_name').type('abw1c');\ncy.get('#n_email').type('arwdb@xyz.');\ncy.get('#n_username').type('abc'); //check for the error message\ncy.get('#n_email-error').should('contain', 'Please enter a valid email address');",
            "err": {},
            "isRoot": false,
            "uuid": "dea792b2-c959-4638-bbce-a08acdd8cb02",
            "isHook": false,
            "skipped": false
          },
          {
            "title": "Create Account when email address already exists",
            "fullTitle": "Create Account Create Account when email address already exists",
            "duration": 28471,
            "state": "passed",
            "speed": "slow",
            "pass": true,
            "fail": false,
            "pending": false,
            "code": "cy.get('#n_name').type('abcd');\ncy.get('#n_email').type('abc@xyz.com');\ncy.get('#n_username').type('errrtc'); //check for the error message\ncy.get('#n_email-error').should('contain', 'Email already exists');",
            "err": {},
            "isRoot": false,
            "uuid": "7fb9bca9-57d2-4a05-8a5f-066f9c892b73",
            "isHook": false,
            "skipped": false
          },
          {
            "title": "Create Account when username already exists",
            "fullTitle": "Create Account Create Account when username already exists",
            "duration": 21818,
            "state": "passed",
            "speed": "slow",
            "pass": true,
            "fail": false,
            "pending": false,
            "code": "cy.get('#n_name').type('abcd');\ncy.get('#n_email').type('abetc@xyz.com');\ncy.get('#n_username').type('abc');\ncy.get('#n_password').type('123456'); //check for the error message\ncy.get('#n_username-error').should('contain', 'Username already exists');",
            "err": {},
            "isRoot": false,
            "uuid": "7ea9fad5-6b6b-4c05-b147-4a55aa285aee",
            "isHook": false,
            "skipped": false
          },
          {
            "title": "Create Account when username is less than 3 characters",
            "fullTitle": "Create Account Create Account when username is less than 3 characters",
            "duration": 13250,
            "state": "passed",
            "speed": "slow",
            "pass": true,
            "fail": false,
            "pending": false,
            "code": "cy.get('#n_name').type('abcd');\ncy.get('#n_email').type('abetc@xyz.com');\ncy.get('#n_username').type('da');\ncy.get('#n_password').type('123456'); //check for the error message\ncy.get('#n_username-error').should('contain', 'Username should be atleast 3 characters long');",
            "err": {},
            "isRoot": false,
            "uuid": "26484b2d-8428-44ae-84e2-11169400081d",
            "isHook": false,
            "skipped": false
          },
          {
            "title": "Create Account when username doesn't start from a letter",
            "fullTitle": "Create Account Create Account when username doesn't start from a letter",
            "duration": 16783,
            "state": "passed",
            "speed": "slow",
            "pass": true,
            "fail": false,
            "pending": false,
            "code": "cy.get('#n_name').type('abcd');\ncy.get('#n_email').type('abetc@xyz.com');\ncy.get('#n_username').type('>se');\ncy.get('#n_password').type('123456'); //check for the error message\ncy.get('#n_username-error').should('contain', 'Username must be alpha-numeric and start with a letter');",
            "err": {},
            "isRoot": false,
            "uuid": "b78884b5-e085-4094-a242-d9bda024711b",
            "isHook": false,
            "skipped": false
          },
          {
            "title": "Create Account when mandatory field(Full Name) is not filled",
            "fullTitle": "Create Account Create Account when mandatory field(Full Name) is not filled",
            "duration": 17363,
            "state": "passed",
            "speed": "slow",
            "pass": true,
            "fail": false,
            "pending": false,
            "code": "cy.get('#n_email').type('zdbc@xyz.com');\ncy.get('#n_username').type('dfgre');\ncy.get('#n_password').type('123456');\ncy.get('#signup-block > .enrollment-body > .enrollment-btn').click(); //check for the error message\ncy.get('#n_name-error').should('contain', 'This field is required');",
            "err": {},
            "isRoot": false,
            "uuid": "05d24079-309c-4405-84c1-ee6ec6f4b8e2",
            "isHook": false,
            "skipped": false
          },
          {
            "title": "Create Account when mandatory field(Email Address) is not filled",
            "fullTitle": "Create Account Create Account when mandatory field(Email Address) is not filled",
            "duration": 13809,
            "state": "passed",
            "speed": "slow",
            "pass": true,
            "fail": false,
            "pending": false,
            "code": "cy.get('#n_name').type('abc');\ncy.get('#n_username').type('dfgre');\ncy.get('#n_password').type('123456');\ncy.get('#signup-block > .enrollment-body > .enrollment-btn').click(); //check for the error message\ncy.get('#n_email-error').should('contain', 'This field is required');",
            "err": {},
            "isRoot": false,
            "uuid": "15a2e35b-359d-42e6-8ee0-6bc2247f783f",
            "isHook": false,
            "skipped": false
          },
          {
            "title": "Create Account when mandatory field(Username) is not filled",
            "fullTitle": "Create Account Create Account when mandatory field(Username) is not filled",
            "duration": 15557,
            "state": "passed",
            "speed": "slow",
            "pass": true,
            "fail": false,
            "pending": false,
            "code": "cy.get('#n_name').type('abc');\ncy.get('#n_email').type('zdbc@xz.com');\ncy.get('#n_password').type('123456');\ncy.get('#signup-block > .enrollment-body > .enrollment-btn').click(); //check for the error message\ncy.get('#n_username-error').should('contain', 'This field is required');",
            "err": {},
            "isRoot": false,
            "uuid": "0c374d7c-3138-47b9-a414-ca75f1447b51",
            "isHook": false,
            "skipped": false
          },
          {
            "title": "Create Account when mandatory field(Password) is not filled",
            "fullTitle": "Create Account Create Account when mandatory field(Password) is not filled",
            "duration": 17263,
            "state": "passed",
            "speed": "slow",
            "pass": true,
            "fail": false,
            "pending": false,
            "code": "cy.get('#n_name').type('abc');\ncy.get('#n_email').type('zdbc@xz.com');\ncy.get('#n_password').type('123456');\ncy.get('#signup-block > .enrollment-body > .enrollment-btn').click(); //check for the error message\ncy.get('#n_username-error').should('contain', 'This field is required');",
            "err": {},
            "isRoot": false,
            "uuid": "79b8849c-92e4-4374-ac45-88677522100c",
            "isHook": false,
            "skipped": false
          },
          {
            "title": "Create Account positive when Password is less than 6 characters",
            "fullTitle": "Create Account Create Account positive when Password is less than 6 characters",
            "duration": 17887,
            "state": "passed",
            "speed": "slow",
            "pass": true,
            "fail": false,
            "pending": false,
            "code": "cy.get('#n_name').type('ab');\ncy.get('#n_email').type('zqb@xyz.com');\ncy.get('#n_username').type('dtkrere');\ncy.get('#n_password').type('12345');\ncy.get('#signup-block > .enrollment-body > .enrollment-btn').click(); //check for the error message\ncy.get('#n_password-error').should('contain', 'Password should be atleast 6 characters long');",
            "err": {},
            "isRoot": false,
            "uuid": "2e6106be-6cc8-43ab-a8bf-4d1323e04b61",
            "isHook": false,
            "skipped": false
          }
        ],
        "suites": [],
        "passes": [
          "b93a61da-bfc1-44e9-bf5a-3159e653e816",
          "dea792b2-c959-4638-bbce-a08acdd8cb02",
          "7fb9bca9-57d2-4a05-8a5f-066f9c892b73",
          "7ea9fad5-6b6b-4c05-b147-4a55aa285aee",
          "26484b2d-8428-44ae-84e2-11169400081d",
          "b78884b5-e085-4094-a242-d9bda024711b",
          "05d24079-309c-4405-84c1-ee6ec6f4b8e2",
          "15a2e35b-359d-42e6-8ee0-6bc2247f783f",
          "0c374d7c-3138-47b9-a414-ca75f1447b51",
          "79b8849c-92e4-4374-ac45-88677522100c",
          "2e6106be-6cc8-43ab-a8bf-4d1323e04b61"
        ],
        "failures": [],
        "pending": [],
        "skipped": [],
        "duration": 230036,
        "root": false,
        "rootEmpty": false,
        "_timeout": 2000
      }
    ],
    "passes": [],
    "failures": [],
    "pending": [],
    "skipped": [],
    "duration": 0,
    "root": true,
    "rootEmpty": true,
    "_timeout": 2000
  },
  "copyrightYear": 2019
}