{
  "stats": {
    "suites": 1,
    "tests": 11,
    "passes": 11,
    "pending": 0,
    "failures": 0,
    "start": "2019-05-21T13:32:36.879Z",
    "end": "2019-05-21T13:35:01.946Z",
    "duration": 145067,
    "testsRegistered": 11,
    "passPercent": 100,
    "pendingPercent": 0,
    "other": 0,
    "hasOther": false,
    "skipped": 0,
    "hasSkipped": false,
    "passPercentClass": "success",
    "pendingPercentClass": "danger"
  },
  "suites": {
    "uuid": "1aaac6a5-150e-4286-9ae2-1a1e1ac0cbd2",
    "title": "",
    "fullFile": "",
    "file": "",
    "beforeHooks": [],
    "afterHooks": [],
    "tests": [],
    "suites": [
      {
        "uuid": "327ebcf6-a58f-4fd4-95c4-f24177f02224",
        "title": "Create Account",
        "fullFile": "",
        "file": "",
        "beforeHooks": [],
        "afterHooks": [],
        "tests": [
          {
            "title": "Create Account positive flow",
            "fullTitle": "Create Account Create Account positive flow",
            "duration": 15104,
            "state": "passed",
            "speed": "slow",
            "pass": true,
            "fail": false,
            "pending": false,
            "code": "cy.get('#n_name').type('ab');\ncy.get('#n_email').type('zdb@xyz.com');\ncy.get('#n_username').type('dtkrefgre');\ncy.get('#n_password').type('123456');\ncy.get('#signup-block > .enrollment-body > .enrollment-btn').click(); //check if the account is created successfully\ncy.get('#success-block > .enrollment-body').should('contain', 'Congratulations!');",
            "err": {},
            "isRoot": false,
            "uuid": "27a86db5-ffc5-49e5-80a0-9cd08d8bf1bc",
            "isHook": false,
            "skipped": false
          },
          {
            "title": "Create Account when email address is invalid",
            "fullTitle": "Create Account Create Account when email address is invalid",
            "duration": 13757,
            "state": "passed",
            "speed": "slow",
            "pass": true,
            "fail": false,
            "pending": false,
            "code": "cy.get('#n_name').type('abw1c');\ncy.get('#n_email').type('arwdb@xyz.');\ncy.get('#n_username').type('abc'); //check for the error message\ncy.get('#n_email-error').should('contain', 'Please enter a valid email address');",
            "err": {},
            "isRoot": false,
            "uuid": "afe83354-ee8f-4c02-b0d8-7b021ed5b856",
            "isHook": false,
            "skipped": false
          },
          {
            "title": "Create Account when email address already exists",
            "fullTitle": "Create Account Create Account when email address already exists",
            "duration": 13030,
            "state": "passed",
            "speed": "slow",
            "pass": true,
            "fail": false,
            "pending": false,
            "code": "cy.get('#n_name').type('abcd');\ncy.get('#n_email').type('abc@xyz.com');\ncy.get('#n_username').type('errrtc'); //check for the error message\ncy.get('#n_email-error').should('contain', 'Email already exists');",
            "err": {},
            "isRoot": false,
            "uuid": "f983ec6b-7ec4-4785-8776-f36916cee85e",
            "isHook": false,
            "skipped": false
          },
          {
            "title": "Create Account when username already exists",
            "fullTitle": "Create Account Create Account when username already exists",
            "duration": 15106,
            "state": "passed",
            "speed": "slow",
            "pass": true,
            "fail": false,
            "pending": false,
            "code": "cy.get('#n_name').type('abcd');\ncy.get('#n_email').type('abetc@xyz.com');\ncy.get('#n_username').type('abc');\ncy.get('#n_password').type('123456'); //check for the error message\ncy.get('#n_username-error').should('contain', 'Username already exists');",
            "err": {},
            "isRoot": false,
            "uuid": "a1f2ffba-ab0d-4703-94f0-9f8cf9723ea1",
            "isHook": false,
            "skipped": false
          },
          {
            "title": "Create Account when username is less than 3 characters",
            "fullTitle": "Create Account Create Account when username is less than 3 characters",
            "duration": 13311,
            "state": "passed",
            "speed": "slow",
            "pass": true,
            "fail": false,
            "pending": false,
            "code": "cy.get('#n_name').type('abcd');\ncy.get('#n_email').type('abetc@xyz.com');\ncy.get('#n_username').type('da');\ncy.get('#n_password').type('123456'); //check for the error message\ncy.get('#n_username-error').should('contain', 'Username should be atleast 3 characters long');",
            "err": {},
            "isRoot": false,
            "uuid": "08b2ea6b-5309-4adc-8d73-35ca8cbff4f3",
            "isHook": false,
            "skipped": false
          },
          {
            "title": "Create Account when username doesn't start from a letter",
            "fullTitle": "Create Account Create Account when username doesn't start from a letter",
            "duration": 12759,
            "state": "passed",
            "speed": "slow",
            "pass": true,
            "fail": false,
            "pending": false,
            "code": "cy.get('#n_name').type('abcd');\ncy.get('#n_email').type('abetc@xyz.com');\ncy.get('#n_username').type('>se');\ncy.get('#n_password').type('123456'); //check for the error message\ncy.get('#n_username-error').should('contain', 'Username must be alpha-numeric and start with a letter');",
            "err": {},
            "isRoot": false,
            "uuid": "ea2fe985-5166-4763-8db0-7af1ad74a5e7",
            "isHook": false,
            "skipped": false
          },
          {
            "title": "Create Account when mandatory field(Full Name) is not filled",
            "fullTitle": "Create Account Create Account when mandatory field(Full Name) is not filled",
            "duration": 15798,
            "state": "passed",
            "speed": "slow",
            "pass": true,
            "fail": false,
            "pending": false,
            "code": "cy.get('#n_email').type('zdbc@xyz.com');\ncy.get('#n_username').type('dfgre');\ncy.get('#n_password').type('123456');\ncy.get('#signup-block > .enrollment-body > .enrollment-btn').click(); //check for the error message\ncy.get('#n_name-error').should('contain', 'This field is required');",
            "err": {},
            "isRoot": false,
            "uuid": "1276e6e2-b8e5-4d5d-97bb-9da3c36ba034",
            "isHook": false,
            "skipped": false
          },
          {
            "title": "Create Account when mandatory field(Email Address) is not filled",
            "fullTitle": "Create Account Create Account when mandatory field(Email Address) is not filled",
            "duration": 8792,
            "state": "passed",
            "speed": "slow",
            "pass": true,
            "fail": false,
            "pending": false,
            "code": "cy.get('#n_name').type('abc');\ncy.get('#n_username').type('dfgre');\ncy.get('#n_password').type('123456');\ncy.get('#signup-block > .enrollment-body > .enrollment-btn').click(); //check for the error message\ncy.get('#n_email-error').should('contain', 'This field is required');",
            "err": {},
            "isRoot": false,
            "uuid": "5c9ff37b-b289-4711-8c9c-362d25f19a12",
            "isHook": false,
            "skipped": false
          },
          {
            "title": "Create Account when mandatory field(Username) is not filled",
            "fullTitle": "Create Account Create Account when mandatory field(Username) is not filled",
            "duration": 12093,
            "state": "passed",
            "speed": "slow",
            "pass": true,
            "fail": false,
            "pending": false,
            "code": "cy.get('#n_name').type('abc');\ncy.get('#n_email').type('zdbc@xz.com');\ncy.get('#n_password').type('123456');\ncy.get('#signup-block > .enrollment-body > .enrollment-btn').click(); //check for the error message\ncy.get('#n_username-error').should('contain', 'This field is required');",
            "err": {},
            "isRoot": false,
            "uuid": "9fa035ff-7f77-4622-8c37-56ebb5556aa4",
            "isHook": false,
            "skipped": false
          },
          {
            "title": "Create Account when mandatory field(Password) is not filled",
            "fullTitle": "Create Account Create Account when mandatory field(Password) is not filled",
            "duration": 12793,
            "state": "passed",
            "speed": "slow",
            "pass": true,
            "fail": false,
            "pending": false,
            "code": "cy.get('#n_name').type('abc');\ncy.get('#n_email').type('zdbc@xz.com');\ncy.get('#n_password').type('123456');\ncy.get('#signup-block > .enrollment-body > .enrollment-btn').click(); //check for the error message\ncy.get('#n_username-error').should('contain', 'This field is required');",
            "err": {},
            "isRoot": false,
            "uuid": "36483135-7751-4a59-b7a3-2c5ef39b3fb3",
            "isHook": false,
            "skipped": false
          },
          {
            "title": "Create Account positive when Password is less than 6 characters",
            "fullTitle": "Create Account Create Account positive when Password is less than 6 characters",
            "duration": 11994,
            "state": "passed",
            "speed": "slow",
            "pass": true,
            "fail": false,
            "pending": false,
            "code": "cy.get('#n_name').type('ab');\ncy.get('#n_email').type('zqb@xyz.com');\ncy.get('#n_username').type('dtkrere');\ncy.get('#n_password').type('12345');\ncy.get('#signup-block > .enrollment-body > .enrollment-btn').click(); //check for the error message\ncy.get('#n_password-error').should('contain', 'Password should be atleast 6 characters long');",
            "err": {},
            "isRoot": false,
            "uuid": "cfe937d2-ffc1-4048-8de8-cd0c5a0512fd",
            "isHook": false,
            "skipped": false
          }
        ],
        "suites": [],
        "passes": [
          "27a86db5-ffc5-49e5-80a0-9cd08d8bf1bc",
          "afe83354-ee8f-4c02-b0d8-7b021ed5b856",
          "f983ec6b-7ec4-4785-8776-f36916cee85e",
          "a1f2ffba-ab0d-4703-94f0-9f8cf9723ea1",
          "08b2ea6b-5309-4adc-8d73-35ca8cbff4f3",
          "ea2fe985-5166-4763-8db0-7af1ad74a5e7",
          "1276e6e2-b8e5-4d5d-97bb-9da3c36ba034",
          "5c9ff37b-b289-4711-8c9c-362d25f19a12",
          "9fa035ff-7f77-4622-8c37-56ebb5556aa4",
          "36483135-7751-4a59-b7a3-2c5ef39b3fb3",
          "cfe937d2-ffc1-4048-8de8-cd0c5a0512fd"
        ],
        "failures": [],
        "pending": [],
        "skipped": [],
        "duration": 144537,
        "root": false,
        "rootEmpty": false,
        "_timeout": 2000
      }
    ],
    "passes": [],
    "failures": [],
    "pending": [],
    "skipped": [],
    "duration": 0,
    "root": true,
    "rootEmpty": true,
    "_timeout": 2000
  },
  "copyrightYear": 2019
}