{
  "stats": {
    "suites": 1,
    "tests": 3,
    "passes": 3,
    "pending": 0,
    "failures": 0,
    "start": "2019-05-18T14:38:39.085Z",
    "end": "2019-05-18T14:39:53.746Z",
    "duration": 74661,
    "testsRegistered": 3,
    "passPercent": 100,
    "pendingPercent": 0,
    "other": 0,
    "hasOther": false,
    "skipped": 0,
    "hasSkipped": false,
    "passPercentClass": "success",
    "pendingPercentClass": "danger"
  },
  "suites": {
    "uuid": "dc378ce1-9d7b-4190-ab37-35aaac5f31d1",
    "title": "",
    "fullFile": "",
    "file": "",
    "beforeHooks": [],
    "afterHooks": [],
    "tests": [],
    "suites": [
      {
        "uuid": "27a4f2c0-b237-48ed-90da-7ee38516b15f",
        "title": "Enroll Now",
        "fullFile": "",
        "file": "",
        "beforeHooks": [],
        "afterHooks": [],
        "tests": [
          {
            "title": "Enroll Now positive flow using Credit or Debit card as the payment method",
            "fullTitle": "Enroll Now Enroll Now positive flow using Credit or Debit card as the payment method",
            "duration": 26100,
            "state": "passed",
            "speed": "slow",
            "pass": true,
            "fail": false,
            "pending": false,
            "code": "//select PayPal as the payment method\ncy.get(':nth-child(8) > label').click(); //Check the \"I understand the 365-day guarantee policy.\" checkbox\ncy.get('.policy-block > label').click(); //click enroll now button\ncy.get('#enrollment-btn').click();",
            "err": {},
            "isRoot": false,
            "uuid": "92ef20fe-ce91-4bde-a6ee-4513273be981",
            "isHook": false,
            "skipped": false
          },
          {
            "title": "Enroll Now use Credit or Debit card as the payment method without filling the mandatory details",
            "fullTitle": "Enroll Now Enroll Now use Credit or Debit card as the payment method without filling the mandatory details",
            "duration": 25483,
            "state": "passed",
            "speed": "slow",
            "pass": true,
            "fail": false,
            "pending": false,
            "code": "//Check the \"I understand the 365-day guarantee policy.\" checkbox\ncy.get('.policy-block > label').click(); //click enroll now button\ncy.get('#enrollment-btn').click(); //check for the error message\ncy.get('.payment-error').should('contain', 'All fields are empty. Cannot tokenize empty card fields.!');",
            "err": {},
            "isRoot": false,
            "uuid": "bf5ae5fd-d8b4-41fe-b44a-9805c608721f",
            "isHook": false,
            "skipped": false
          },
          {
            "title": "Enroll Now without selecting the policy checkbox ",
            "fullTitle": "Enroll Now Enroll Now without selecting the policy checkbox ",
            "duration": 22800,
            "state": "passed",
            "speed": "slow",
            "pass": true,
            "fail": false,
            "pending": false,
            "code": "//click enroll now button\ncy.get('#enrollment-btn').click(); //check for the error message\ncy.get('.payment-error').should('contain', 'Please review and agree to the 365-day guarantee'); //verify checkbox is not selected\ncy.get('#policy').should('not.checked'); //verify when the policy checkbox is not selcted and enroll button is clicked, the checkbox turn red\ncy.get('#policy').should('have.css', 'border-color', '#F44336');",
            "err": {},
            "isRoot": false,
            "uuid": "a76a4e49-5b82-4e5a-8782-a39bdc23affe",
            "isHook": false,
            "skipped": false
          }
        ],
        "suites": [],
        "passes": [
          "92ef20fe-ce91-4bde-a6ee-4513273be981",
          "bf5ae5fd-d8b4-41fe-b44a-9805c608721f",
          "a76a4e49-5b82-4e5a-8782-a39bdc23affe"
        ],
        "failures": [],
        "pending": [],
        "skipped": [],
        "duration": 74383,
        "root": false,
        "rootEmpty": false,
        "_timeout": 2000
      }
    ],
    "passes": [],
    "failures": [],
    "pending": [],
    "skipped": [],
    "duration": 0,
    "root": true,
    "rootEmpty": true,
    "_timeout": 2000
  },
  "copyrightYear": 2019
}