{
  "stats": {
    "suites": 1,
    "tests": 6,
    "passes": 6,
    "pending": 0,
    "failures": 0,
    "start": "2019-05-21T13:36:42.943Z",
    "end": "2019-05-21T13:38:25.303Z",
    "duration": 102360,
    "testsRegistered": 6,
    "passPercent": 100,
    "pendingPercent": 0,
    "other": 0,
    "hasOther": false,
    "skipped": 0,
    "hasSkipped": false,
    "passPercentClass": "success",
    "pendingPercentClass": "danger"
  },
  "suites": {
    "uuid": "2a5fa7af-817d-4044-905f-6eedf10a94c8",
    "title": "",
    "fullFile": "",
    "file": "",
    "beforeHooks": [],
    "afterHooks": [],
    "tests": [],
    "suites": [
      {
        "uuid": "7885bb38-44f6-468c-b042-7a6b973e66fd",
        "title": "Log in",
        "fullFile": "",
        "file": "",
        "beforeHooks": [],
        "afterHooks": [],
        "tests": [
          {
            "title": "Login positive flow",
            "fullTitle": "Log in Login positive flow",
            "duration": 19304,
            "state": "passed",
            "speed": "slow",
            "pass": true,
            "fail": false,
            "pending": false,
            "code": "cy.get('#email').type('abc@xyz.com');\ncy.get('#password').type('123456');\ncy.get('#login-block > .enrollment-body > .enrollment-btn').click(); //check if the account is created successfully\ncy.get('#success-block > .enrollment-body').should('contain', 'Congratulations!');\ncy.log('Login successful'); //check if One Payment of $997 is automatically pre-selected\ncy.get('[for=\"plan-7b8d928a-043c-4e19-a169-4dcb381794e4\"] > .price-block > .price-block-title').invoke('attr', 'checked', true);",
            "err": {},
            "isRoot": false,
            "uuid": "dc3216be-5ea0-41ce-b6c2-4f605b61c0f5",
            "isHook": false,
            "skipped": false
          },
          {
            "title": "Login when username or password is wrong",
            "fullTitle": "Log in Login when username or password is wrong",
            "duration": 14386,
            "state": "passed",
            "speed": "slow",
            "pass": true,
            "fail": false,
            "pending": false,
            "code": "cy.get('#email').type('abc@xyz.com');\ncy.get('#password').type('12346');\ncy.get('#login-block > .enrollment-body > .enrollment-btn').click();\ncy.get('#login-error').should('contain', 'Bad username/password. Please try again.');",
            "err": {},
            "isRoot": false,
            "uuid": "6f59e038-55bd-4a6a-82ae-66cc4437d1a7",
            "isHook": false,
            "skipped": false
          },
          {
            "title": "Create Account from the Login screen",
            "fullTitle": "Log in Create Account from the Login screen",
            "duration": 12323,
            "state": "passed",
            "speed": "slow",
            "pass": true,
            "fail": false,
            "pending": false,
            "code": "//click on the create an account\ncy.get('#create').click();\ncy.get('#n_name').type('ab');\ncy.get('#n_email').type('gty@xyz.com');\ncy.get('#n_username').type('dtkrefgre');\ncy.get('#n_password').type('123456');\ncy.get('#signup-block > .enrollment-body > .enrollment-btn').click(); //check if the account is created successfully\ncy.get('#success-block > .enrollment-body').should('contain', 'Congratulations!');",
            "err": {},
            "isRoot": false,
            "uuid": "27fbcdcc-ac38-4b02-8339-7e1726119afb",
            "isHook": false,
            "skipped": false
          },
          {
            "title": "Forgot Password functionality when account doesn't exists",
            "fullTitle": "Log in Forgot Password functionality when account doesn't exists",
            "duration": 33649,
            "state": "passed",
            "speed": "slow",
            "pass": true,
            "fail": false,
            "pending": false,
            "code": "cy.get('#email').type('abc@xyz.com');\ncy.get('#password').type('12346');\ncy.get('#login-block > .enrollment-body > .enrollment-btn').click(); //click on Forgot Password\ncy.get('.misc-login-option > :nth-child(1) > a').click(); //check for non registered email\ncy.get('input').type('dsheoran03@gmail.com');\ncy.get('.btn').click(); //check for the error message\ncy.get('.message').should('contain', 'No account exists for dsheoran03@gmail.com. Maybe you signed up with a different / incorrect email address?');",
            "err": {},
            "isRoot": false,
            "uuid": "45cdf4ba-b27a-427c-855e-d7cf14b6ef54",
            "isHook": false,
            "skipped": false
          },
          {
            "title": "Forgot Password functionality for an invalid email",
            "fullTitle": "Log in Forgot Password functionality for an invalid email",
            "duration": 1228,
            "state": "passed",
            "speed": "slow",
            "pass": true,
            "fail": false,
            "pending": false,
            "code": "cy.get('#email').type('abc@xyz.com');\ncy.get('#password').type('12346');\ncy.get('#login-block > .enrollment-body > .enrollment-btn').click(); //click on Forgot Password\ncy.get('.misc-login-option > :nth-child(1) > a').click(); //check for invalid email\ncy.get('input').type('abc@xyz.c');\ncy.get('.btn').click(); //check for the error message\ncy.get('.message').should('contain', 'Not a valid email address');",
            "err": {},
            "isRoot": false,
            "uuid": "fcb483be-e4a4-4dd6-baf0-34dfeb878b5d",
            "isHook": false,
            "skipped": false
          },
          {
            "title": "Forgot Password",
            "fullTitle": "Log in Forgot Password",
            "duration": 21417,
            "state": "passed",
            "speed": "slow",
            "pass": true,
            "fail": false,
            "pending": false,
            "code": "cy.get('#email').type('abc@xyz.com');\ncy.get('#password').type('12346');\ncy.get('#login-block > .enrollment-body > .enrollment-btn').click(); //click on Forgot Password\ncy.get('.misc-login-option > :nth-child(1) > a').click();\ncy.get('input').type('abc@xyz.com');\ncy.get('.btn').click(); //check if the email sent message is displayed\ncy.get('.message').should('contain', 'We sent you an e-mail with instructions on how to reset your password.');",
            "err": {},
            "isRoot": false,
            "uuid": "9009ec7f-3eed-40c1-b9ca-8bd5099a9b9c",
            "isHook": false,
            "skipped": false
          }
        ],
        "suites": [],
        "passes": [
          "dc3216be-5ea0-41ce-b6c2-4f605b61c0f5",
          "6f59e038-55bd-4a6a-82ae-66cc4437d1a7",
          "27fbcdcc-ac38-4b02-8339-7e1726119afb",
          "45cdf4ba-b27a-427c-855e-d7cf14b6ef54",
          "fcb483be-e4a4-4dd6-baf0-34dfeb878b5d",
          "9009ec7f-3eed-40c1-b9ca-8bd5099a9b9c"
        ],
        "failures": [],
        "pending": [],
        "skipped": [],
        "duration": 102307,
        "root": false,
        "rootEmpty": false,
        "_timeout": 2000
      }
    ],
    "passes": [],
    "failures": [],
    "pending": [],
    "skipped": [],
    "duration": 0,
    "root": true,
    "rootEmpty": true,
    "_timeout": 2000
  },
  "copyrightYear": 2019
}