{
  "stats": {
    "suites": 1,
    "tests": 6,
    "passes": 6,
    "pending": 0,
    "failures": 0,
    "start": "2019-05-21T13:55:12.311Z",
    "end": "2019-05-21T13:57:45.915Z",
    "duration": 153604,
    "testsRegistered": 6,
    "passPercent": 100,
    "pendingPercent": 0,
    "other": 0,
    "hasOther": false,
    "skipped": 0,
    "hasSkipped": false,
    "passPercentClass": "success",
    "pendingPercentClass": "danger"
  },
  "suites": {
    "uuid": "449842fd-eed7-422a-902b-6f79557d4189",
    "title": "",
    "fullFile": "",
    "file": "",
    "beforeHooks": [],
    "afterHooks": [],
    "tests": [],
    "suites": [
      {
        "uuid": "43afbef5-61c0-4cb2-b668-25bf2577cb61",
        "title": "Log in",
        "fullFile": "",
        "file": "",
        "beforeHooks": [],
        "afterHooks": [],
        "tests": [
          {
            "title": "Login positive flow",
            "fullTitle": "Log in Login positive flow",
            "duration": 30191,
            "state": "passed",
            "speed": "slow",
            "pass": true,
            "fail": false,
            "pending": false,
            "code": "cy.get('#email').type('abc@xyz.com');\ncy.get('#password').type('123456');\ncy.get('#login-block > .enrollment-body > .enrollment-btn').click(); //check if the account is created successfully\ncy.get('#success-block > .enrollment-body').should('contain', 'Congratulations!');\ncy.log('Login successful'); //check if One Payment of $997 is automatically pre-selected\ncy.get('[for=\"plan-7b8d928a-043c-4e19-a169-4dcb381794e4\"] > .price-block > .price-block-title').invoke('attr', 'checked', true);",
            "err": {},
            "isRoot": false,
            "uuid": "b12c8613-89cd-48d4-b346-5240f83c8442",
            "isHook": false,
            "skipped": false
          },
          {
            "title": "Login when username or password is wrong",
            "fullTitle": "Log in Login when username or password is wrong",
            "duration": 20042,
            "state": "passed",
            "speed": "slow",
            "pass": true,
            "fail": false,
            "pending": false,
            "code": "cy.get('#email').type('abc@xyz.com');\ncy.get('#password').type('12346');\ncy.get('#login-block > .enrollment-body > .enrollment-btn').click();\ncy.get('#login-error').should('contain', 'Bad username/password. Please try again.');",
            "err": {},
            "isRoot": false,
            "uuid": "acf6839b-b9a3-45c7-84de-7c4c76bdca79",
            "isHook": false,
            "skipped": false
          },
          {
            "title": "Create Account from the Login screen",
            "fullTitle": "Log in Create Account from the Login screen",
            "duration": 16347,
            "state": "passed",
            "speed": "slow",
            "pass": true,
            "fail": false,
            "pending": false,
            "code": "//click on the create an account\ncy.get('#create').click();\ncy.get('#n_name').type('ab');\ncy.get('#n_email').type('gty@xyz.com');\ncy.get('#n_username').type('dtkrefgre');\ncy.get('#n_password').type('123456');\ncy.get('#signup-block > .enrollment-body > .enrollment-btn').click(); //check if the account is created successfully\ncy.get('#success-block > .enrollment-body').should('contain', 'Congratulations!');",
            "err": {},
            "isRoot": false,
            "uuid": "4faae825-0b52-4182-a670-b075df4a83ff",
            "isHook": false,
            "skipped": false
          },
          {
            "title": "Forgot Password functionality when account doesn't exists",
            "fullTitle": "Log in Forgot Password functionality when account doesn't exists",
            "duration": 53130,
            "state": "passed",
            "speed": "slow",
            "pass": true,
            "fail": false,
            "pending": false,
            "code": "cy.get('#email').type('abc@xyz.com');\ncy.get('#password').type('12346');\ncy.get('#login-block > .enrollment-body > .enrollment-btn').click(); //click on Forgot Password\ncy.get('.misc-login-option > :nth-child(1) > a').click(); //check for non registered email\ncy.get('input').type('dsheoran03@gmail.com');\ncy.get('.btn').click(); //check for the error message\ncy.get('.message').should('contain', 'No account exists for dsheoran03@gmail.com. Maybe you signed up with a different / incorrect email address?');",
            "err": {},
            "isRoot": false,
            "uuid": "11dc9e25-77c8-4b29-890b-2143059c3b24",
            "isHook": false,
            "skipped": false
          },
          {
            "title": "Forgot Password functionality for an invalid email",
            "fullTitle": "Log in Forgot Password functionality for an invalid email",
            "duration": 828,
            "state": "passed",
            "speed": "slow",
            "pass": true,
            "fail": false,
            "pending": false,
            "code": "cy.get('#email').type('abc@xyz.com');\ncy.get('#password').type('12346');\ncy.get('#login-block > .enrollment-body > .enrollment-btn').click(); //click on Forgot Password\ncy.get('.misc-login-option > :nth-child(1) > a').click(); //check for invalid email\ncy.get('input').type('abc@xyz.c');\ncy.get('.btn').click(); //check for the error message\ncy.get('.message').should('contain', 'Not a valid email address');",
            "err": {},
            "isRoot": false,
            "uuid": "3701b6ee-414c-4027-83aa-dc54a4bd7442",
            "isHook": false,
            "skipped": false
          },
          {
            "title": "Forgot Password",
            "fullTitle": "Log in Forgot Password",
            "duration": 32779,
            "state": "passed",
            "speed": "slow",
            "pass": true,
            "fail": false,
            "pending": false,
            "code": "cy.get('#email').type('abc@xyz.com');\ncy.get('#password').type('12346');\ncy.get('#login-block > .enrollment-body > .enrollment-btn').click(); //click on Forgot Password\ncy.get('.misc-login-option > :nth-child(1) > a').click();\ncy.get('input').type('abc@xyz.com');\ncy.get('.btn').click(); //check if the email sent message is displayed\ncy.get('.message').should('contain', 'We sent you an e-mail with instructions on how to reset your password.');",
            "err": {},
            "isRoot": false,
            "uuid": "db782364-1b72-4404-bdc2-43a3ca0ca50d",
            "isHook": false,
            "skipped": false
          }
        ],
        "suites": [],
        "passes": [
          "b12c8613-89cd-48d4-b346-5240f83c8442",
          "acf6839b-b9a3-45c7-84de-7c4c76bdca79",
          "4faae825-0b52-4182-a670-b075df4a83ff",
          "11dc9e25-77c8-4b29-890b-2143059c3b24",
          "3701b6ee-414c-4027-83aa-dc54a4bd7442",
          "db782364-1b72-4404-bdc2-43a3ca0ca50d"
        ],
        "failures": [],
        "pending": [],
        "skipped": [],
        "duration": 153317,
        "root": false,
        "rootEmpty": false,
        "_timeout": 2000
      }
    ],
    "passes": [],
    "failures": [],
    "pending": [],
    "skipped": [],
    "duration": 0,
    "root": true,
    "rootEmpty": true,
    "_timeout": 2000
  },
  "copyrightYear": 2019
}