{
  "stats": {
    "suites": 1,
    "tests": 11,
    "passes": 11,
    "pending": 0,
    "failures": 0,
    "start": "2019-05-21T13:49:41.492Z",
    "end": "2019-05-21T13:52:47.068Z",
    "duration": 185576,
    "testsRegistered": 11,
    "passPercent": 100,
    "pendingPercent": 0,
    "other": 0,
    "hasOther": false,
    "skipped": 0,
    "hasSkipped": false,
    "passPercentClass": "success",
    "pendingPercentClass": "danger"
  },
  "suites": {
    "uuid": "6d970dcd-b2b7-4ea4-bfaf-5003911f044a",
    "title": "",
    "fullFile": "",
    "file": "",
    "beforeHooks": [],
    "afterHooks": [],
    "tests": [],
    "suites": [
      {
        "uuid": "7b627d16-1a36-4016-837d-7fd5eac300ca",
        "title": "Create Account",
        "fullFile": "",
        "file": "",
        "beforeHooks": [],
        "afterHooks": [],
        "tests": [
          {
            "title": "Create Account positive flow",
            "fullTitle": "Create Account Create Account positive flow",
            "duration": 20181,
            "state": "passed",
            "speed": "slow",
            "pass": true,
            "fail": false,
            "pending": false,
            "code": "cy.get('#n_name').type('ab');\ncy.get('#n_email').type('zdb@xyz.com');\ncy.get('#n_username').type('dtkrefgre');\ncy.get('#n_password').type('123456');\ncy.get('#signup-block > .enrollment-body > .enrollment-btn').click(); //check if the account is created successfully\ncy.get('#success-block > .enrollment-body').should('contain', 'Congratulations!');",
            "err": {},
            "isRoot": false,
            "uuid": "55d88a50-b33a-4d28-98a8-41e8d32f8399",
            "isHook": false,
            "skipped": false
          },
          {
            "title": "Create Account when email address is invalid",
            "fullTitle": "Create Account Create Account when email address is invalid",
            "duration": 16310,
            "state": "passed",
            "speed": "slow",
            "pass": true,
            "fail": false,
            "pending": false,
            "code": "cy.get('#n_name').type('abw1c');\ncy.get('#n_email').type('arwdb@xyz.');\ncy.get('#n_username').type('abc'); //check for the error message\ncy.get('#n_email-error').should('contain', 'Please enter a valid email address');",
            "err": {},
            "isRoot": false,
            "uuid": "85b9603c-0332-4708-b3e7-6bc208b6c14c",
            "isHook": false,
            "skipped": false
          },
          {
            "title": "Create Account when email address already exists",
            "fullTitle": "Create Account Create Account when email address already exists",
            "duration": 14872,
            "state": "passed",
            "speed": "slow",
            "pass": true,
            "fail": false,
            "pending": false,
            "code": "cy.get('#n_name').type('abcd');\ncy.get('#n_email').type('abc@xyz.com');\ncy.get('#n_username').type('errrtc'); //check for the error message\ncy.get('#n_email-error').should('contain', 'Email already exists');",
            "err": {},
            "isRoot": false,
            "uuid": "3d97330d-c11a-4f0f-b3f8-df9bdd000296",
            "isHook": false,
            "skipped": false
          },
          {
            "title": "Create Account when username already exists",
            "fullTitle": "Create Account Create Account when username already exists",
            "duration": 17840,
            "state": "passed",
            "speed": "slow",
            "pass": true,
            "fail": false,
            "pending": false,
            "code": "cy.get('#n_name').type('abcd');\ncy.get('#n_email').type('abetc@xyz.com');\ncy.get('#n_username').type('abc');\ncy.get('#n_password').type('123456'); //check for the error message\ncy.get('#n_username-error').should('contain', 'Username already exists');",
            "err": {},
            "isRoot": false,
            "uuid": "ae58b8c7-3d5f-4aca-a136-b01619d252c2",
            "isHook": false,
            "skipped": false
          },
          {
            "title": "Create Account when username is less than 3 characters",
            "fullTitle": "Create Account Create Account when username is less than 3 characters",
            "duration": 15857,
            "state": "passed",
            "speed": "slow",
            "pass": true,
            "fail": false,
            "pending": false,
            "code": "cy.get('#n_name').type('abcd');\ncy.get('#n_email').type('abetc@xyz.com');\ncy.get('#n_username').type('da');\ncy.get('#n_password').type('123456'); //check for the error message\ncy.get('#n_username-error').should('contain', 'Username should be atleast 3 characters long');",
            "err": {},
            "isRoot": false,
            "uuid": "ae9d080c-b8b1-4594-a9a1-cad57d5cee9d",
            "isHook": false,
            "skipped": false
          },
          {
            "title": "Create Account when username doesn't start from a letter",
            "fullTitle": "Create Account Create Account when username doesn't start from a letter",
            "duration": 12194,
            "state": "passed",
            "speed": "slow",
            "pass": true,
            "fail": false,
            "pending": false,
            "code": "cy.get('#n_name').type('abcd');\ncy.get('#n_email').type('abetc@xyz.com');\ncy.get('#n_username').type('>se');\ncy.get('#n_password').type('123456'); //check for the error message\ncy.get('#n_username-error').should('contain', 'Username must be alpha-numeric and start with a letter');",
            "err": {},
            "isRoot": false,
            "uuid": "8ece7883-995f-46f2-9042-5c1c2339de94",
            "isHook": false,
            "skipped": false
          },
          {
            "title": "Create Account when mandatory field(Full Name) is not filled",
            "fullTitle": "Create Account Create Account when mandatory field(Full Name) is not filled",
            "duration": 15620,
            "state": "passed",
            "speed": "slow",
            "pass": true,
            "fail": false,
            "pending": false,
            "code": "cy.get('#n_email').type('zdbc@xyz.com');\ncy.get('#n_username').type('dfgre');\ncy.get('#n_password').type('123456');\ncy.get('#signup-block > .enrollment-body > .enrollment-btn').click(); //check for the error message\ncy.get('#n_name-error').should('contain', 'This field is required');",
            "err": {},
            "isRoot": false,
            "uuid": "db459552-1ca6-47bb-9425-de84236fdee2",
            "isHook": false,
            "skipped": false
          },
          {
            "title": "Create Account when mandatory field(Email Address) is not filled",
            "fullTitle": "Create Account Create Account when mandatory field(Email Address) is not filled",
            "duration": 16674,
            "state": "passed",
            "speed": "slow",
            "pass": true,
            "fail": false,
            "pending": false,
            "code": "cy.get('#n_name').type('abc');\ncy.get('#n_username').type('dfgre');\ncy.get('#n_password').type('123456');\ncy.get('#signup-block > .enrollment-body > .enrollment-btn').click(); //check for the error message\ncy.get('#n_email-error').should('contain', 'This field is required');",
            "err": {},
            "isRoot": false,
            "uuid": "084f61fe-8fea-43ef-ae5a-cbc9542038c3",
            "isHook": false,
            "skipped": false
          },
          {
            "title": "Create Account when mandatory field(Username) is not filled",
            "fullTitle": "Create Account Create Account when mandatory field(Username) is not filled",
            "duration": 19483,
            "state": "passed",
            "speed": "slow",
            "pass": true,
            "fail": false,
            "pending": false,
            "code": "cy.get('#n_name').type('abc');\ncy.get('#n_email').type('zdbc@xz.com');\ncy.get('#n_password').type('123456');\ncy.get('#signup-block > .enrollment-body > .enrollment-btn').click(); //check for the error message\ncy.get('#n_username-error').should('contain', 'This field is required');",
            "err": {},
            "isRoot": false,
            "uuid": "1ae89ea6-b4e4-494c-8f1e-5816ba4c0ccc",
            "isHook": false,
            "skipped": false
          },
          {
            "title": "Create Account when mandatory field(Password) is not filled",
            "fullTitle": "Create Account Create Account when mandatory field(Password) is not filled",
            "duration": 15471,
            "state": "passed",
            "speed": "slow",
            "pass": true,
            "fail": false,
            "pending": false,
            "code": "cy.get('#n_name').type('abc');\ncy.get('#n_email').type('zdbc@xz.com');\ncy.get('#n_password').type('123456');\ncy.get('#signup-block > .enrollment-body > .enrollment-btn').click(); //check for the error message\ncy.get('#n_username-error').should('contain', 'This field is required');",
            "err": {},
            "isRoot": false,
            "uuid": "b1282cae-6fa3-4d70-a16d-49f86e5e2824",
            "isHook": false,
            "skipped": false
          },
          {
            "title": "Create Account positive when Password is less than 6 characters",
            "fullTitle": "Create Account Create Account positive when Password is less than 6 characters",
            "duration": 20392,
            "state": "passed",
            "speed": "slow",
            "pass": true,
            "fail": false,
            "pending": false,
            "code": "cy.get('#n_name').type('ab');\ncy.get('#n_email').type('zqb@xyz.com');\ncy.get('#n_username').type('dtkrere');\ncy.get('#n_password').type('12345');\ncy.get('#signup-block > .enrollment-body > .enrollment-btn').click(); //check for the error message\ncy.get('#n_password-error').should('contain', 'Password should be atleast 6 characters long');",
            "err": {},
            "isRoot": false,
            "uuid": "9aa1d10f-df41-47ce-b963-8e023287b838",
            "isHook": false,
            "skipped": false
          }
        ],
        "suites": [],
        "passes": [
          "55d88a50-b33a-4d28-98a8-41e8d32f8399",
          "85b9603c-0332-4708-b3e7-6bc208b6c14c",
          "3d97330d-c11a-4f0f-b3f8-df9bdd000296",
          "ae58b8c7-3d5f-4aca-a136-b01619d252c2",
          "ae9d080c-b8b1-4594-a9a1-cad57d5cee9d",
          "8ece7883-995f-46f2-9042-5c1c2339de94",
          "db459552-1ca6-47bb-9425-de84236fdee2",
          "084f61fe-8fea-43ef-ae5a-cbc9542038c3",
          "1ae89ea6-b4e4-494c-8f1e-5816ba4c0ccc",
          "b1282cae-6fa3-4d70-a16d-49f86e5e2824",
          "9aa1d10f-df41-47ce-b963-8e023287b838"
        ],
        "failures": [],
        "pending": [],
        "skipped": [],
        "duration": 184894,
        "root": false,
        "rootEmpty": false,
        "_timeout": 2000
      }
    ],
    "passes": [],
    "failures": [],
    "pending": [],
    "skipped": [],
    "duration": 0,
    "root": true,
    "rootEmpty": true,
    "_timeout": 2000
  },
  "copyrightYear": 2019
}