{
  "stats": {
    "suites": 3,
    "tests": 20,
    "passes": 20,
    "pending": 0,
    "failures": 0,
    "start": "2019-05-18T14:42:30.484Z",
    "end": "2019-05-18T14:42:30.485Z",
    "duration": 451265,
    "testsRegistered": 20,
    "passPercent": 100,
    "pendingPercent": 0,
    "other": 0,
    "hasOther": false,
    "skipped": 0,
    "hasSkipped": false,
    "passPercentClass": "warning",
    "pendingPercentClass": "danger"
  },
  "suites": {
    "uuid": "130c2186-3fb1-4f2c-bac2-1991d1edaf85",
    "tests": [],
    "suites": [
      {
        "uuid": "e2027cfe-e2da-4115-85c1-0769aab8e193",
        "title": "Create Account",
        "fullFile": "",
        "file": "",
        "beforeHooks": [],
        "afterHooks": [],
        "tests": [
          {
            "title": "Create Account positive flow",
            "fullTitle": "Create Account Create Account positive flow",
            "duration": 46439,
            "state": "passed",
            "speed": "slow",
            "pass": true,
            "fail": false,
            "pending": false,
            "code": "cy.get('#n_name').type('ab');\ncy.get('#n_email').type('zdb@xyz.com');\ncy.get('#n_username').type('dtkrefgre');\ncy.get('#n_password').type('123456');\ncy.get('#signup-block > .enrollment-body > .enrollment-btn').click(); //check if the account is created successfully\ncy.get('#success-block > .enrollment-body').should('contain', 'Congratulations!');",
            "err": {},
            "isRoot": false,
            "uuid": "b93a61da-bfc1-44e9-bf5a-3159e653e816",
            "isHook": false,
            "skipped": false
          },
          {
            "title": "Create Account when email address is invalid",
            "fullTitle": "Create Account Create Account when email address is invalid",
            "duration": 21396,
            "state": "passed",
            "speed": "slow",
            "pass": true,
            "fail": false,
            "pending": false,
            "code": "cy.get('#n_name').type('abw1c');\ncy.get('#n_email').type('arwdb@xyz.');\ncy.get('#n_username').type('abc'); //check for the error message\ncy.get('#n_email-error').should('contain', 'Please enter a valid email address');",
            "err": {},
            "isRoot": false,
            "uuid": "dea792b2-c959-4638-bbce-a08acdd8cb02",
            "isHook": false,
            "skipped": false
          },
          {
            "title": "Create Account when email address already exists",
            "fullTitle": "Create Account Create Account when email address already exists",
            "duration": 28471,
            "state": "passed",
            "speed": "slow",
            "pass": true,
            "fail": false,
            "pending": false,
            "code": "cy.get('#n_name').type('abcd');\ncy.get('#n_email').type('abc@xyz.com');\ncy.get('#n_username').type('errrtc'); //check for the error message\ncy.get('#n_email-error').should('contain', 'Email already exists');",
            "err": {},
            "isRoot": false,
            "uuid": "7fb9bca9-57d2-4a05-8a5f-066f9c892b73",
            "isHook": false,
            "skipped": false
          },
          {
            "title": "Create Account when username already exists",
            "fullTitle": "Create Account Create Account when username already exists",
            "duration": 21818,
            "state": "passed",
            "speed": "slow",
            "pass": true,
            "fail": false,
            "pending": false,
            "code": "cy.get('#n_name').type('abcd');\ncy.get('#n_email').type('abetc@xyz.com');\ncy.get('#n_username').type('abc');\ncy.get('#n_password').type('123456'); //check for the error message\ncy.get('#n_username-error').should('contain', 'Username already exists');",
            "err": {},
            "isRoot": false,
            "uuid": "7ea9fad5-6b6b-4c05-b147-4a55aa285aee",
            "isHook": false,
            "skipped": false
          },
          {
            "title": "Create Account when username is less than 3 characters",
            "fullTitle": "Create Account Create Account when username is less than 3 characters",
            "duration": 13250,
            "state": "passed",
            "speed": "slow",
            "pass": true,
            "fail": false,
            "pending": false,
            "code": "cy.get('#n_name').type('abcd');\ncy.get('#n_email').type('abetc@xyz.com');\ncy.get('#n_username').type('da');\ncy.get('#n_password').type('123456'); //check for the error message\ncy.get('#n_username-error').should('contain', 'Username should be atleast 3 characters long');",
            "err": {},
            "isRoot": false,
            "uuid": "26484b2d-8428-44ae-84e2-11169400081d",
            "isHook": false,
            "skipped": false
          },
          {
            "title": "Create Account when username doesn't start from a letter",
            "fullTitle": "Create Account Create Account when username doesn't start from a letter",
            "duration": 16783,
            "state": "passed",
            "speed": "slow",
            "pass": true,
            "fail": false,
            "pending": false,
            "code": "cy.get('#n_name').type('abcd');\ncy.get('#n_email').type('abetc@xyz.com');\ncy.get('#n_username').type('>se');\ncy.get('#n_password').type('123456'); //check for the error message\ncy.get('#n_username-error').should('contain', 'Username must be alpha-numeric and start with a letter');",
            "err": {},
            "isRoot": false,
            "uuid": "b78884b5-e085-4094-a242-d9bda024711b",
            "isHook": false,
            "skipped": false
          },
          {
            "title": "Create Account when mandatory field(Full Name) is not filled",
            "fullTitle": "Create Account Create Account when mandatory field(Full Name) is not filled",
            "duration": 17363,
            "state": "passed",
            "speed": "slow",
            "pass": true,
            "fail": false,
            "pending": false,
            "code": "cy.get('#n_email').type('zdbc@xyz.com');\ncy.get('#n_username').type('dfgre');\ncy.get('#n_password').type('123456');\ncy.get('#signup-block > .enrollment-body > .enrollment-btn').click(); //check for the error message\ncy.get('#n_name-error').should('contain', 'This field is required');",
            "err": {},
            "isRoot": false,
            "uuid": "05d24079-309c-4405-84c1-ee6ec6f4b8e2",
            "isHook": false,
            "skipped": false
          },
          {
            "title": "Create Account when mandatory field(Email Address) is not filled",
            "fullTitle": "Create Account Create Account when mandatory field(Email Address) is not filled",
            "duration": 13809,
            "state": "passed",
            "speed": "slow",
            "pass": true,
            "fail": false,
            "pending": false,
            "code": "cy.get('#n_name').type('abc');\ncy.get('#n_username').type('dfgre');\ncy.get('#n_password').type('123456');\ncy.get('#signup-block > .enrollment-body > .enrollment-btn').click(); //check for the error message\ncy.get('#n_email-error').should('contain', 'This field is required');",
            "err": {},
            "isRoot": false,
            "uuid": "15a2e35b-359d-42e6-8ee0-6bc2247f783f",
            "isHook": false,
            "skipped": false
          },
          {
            "title": "Create Account when mandatory field(Username) is not filled",
            "fullTitle": "Create Account Create Account when mandatory field(Username) is not filled",
            "duration": 15557,
            "state": "passed",
            "speed": "slow",
            "pass": true,
            "fail": false,
            "pending": false,
            "code": "cy.get('#n_name').type('abc');\ncy.get('#n_email').type('zdbc@xz.com');\ncy.get('#n_password').type('123456');\ncy.get('#signup-block > .enrollment-body > .enrollment-btn').click(); //check for the error message\ncy.get('#n_username-error').should('contain', 'This field is required');",
            "err": {},
            "isRoot": false,
            "uuid": "0c374d7c-3138-47b9-a414-ca75f1447b51",
            "isHook": false,
            "skipped": false
          },
          {
            "title": "Create Account when mandatory field(Password) is not filled",
            "fullTitle": "Create Account Create Account when mandatory field(Password) is not filled",
            "duration": 17263,
            "state": "passed",
            "speed": "slow",
            "pass": true,
            "fail": false,
            "pending": false,
            "code": "cy.get('#n_name').type('abc');\ncy.get('#n_email').type('zdbc@xz.com');\ncy.get('#n_password').type('123456');\ncy.get('#signup-block > .enrollment-body > .enrollment-btn').click(); //check for the error message\ncy.get('#n_username-error').should('contain', 'This field is required');",
            "err": {},
            "isRoot": false,
            "uuid": "79b8849c-92e4-4374-ac45-88677522100c",
            "isHook": false,
            "skipped": false
          },
          {
            "title": "Create Account positive when Password is less than 6 characters",
            "fullTitle": "Create Account Create Account positive when Password is less than 6 characters",
            "duration": 17887,
            "state": "passed",
            "speed": "slow",
            "pass": true,
            "fail": false,
            "pending": false,
            "code": "cy.get('#n_name').type('ab');\ncy.get('#n_email').type('zqb@xyz.com');\ncy.get('#n_username').type('dtkrere');\ncy.get('#n_password').type('12345');\ncy.get('#signup-block > .enrollment-body > .enrollment-btn').click(); //check for the error message\ncy.get('#n_password-error').should('contain', 'Password should be atleast 6 characters long');",
            "err": {},
            "isRoot": false,
            "uuid": "2e6106be-6cc8-43ab-a8bf-4d1323e04b61",
            "isHook": false,
            "skipped": false
          }
        ],
        "suites": [],
        "passes": [
          "b93a61da-bfc1-44e9-bf5a-3159e653e816",
          "dea792b2-c959-4638-bbce-a08acdd8cb02",
          "7fb9bca9-57d2-4a05-8a5f-066f9c892b73",
          "7ea9fad5-6b6b-4c05-b147-4a55aa285aee",
          "26484b2d-8428-44ae-84e2-11169400081d",
          "b78884b5-e085-4094-a242-d9bda024711b",
          "05d24079-309c-4405-84c1-ee6ec6f4b8e2",
          "15a2e35b-359d-42e6-8ee0-6bc2247f783f",
          "0c374d7c-3138-47b9-a414-ca75f1447b51",
          "79b8849c-92e4-4374-ac45-88677522100c",
          "2e6106be-6cc8-43ab-a8bf-4d1323e04b61"
        ],
        "failures": [],
        "pending": [],
        "skipped": [],
        "duration": 230036,
        "root": false,
        "rootEmpty": false,
        "_timeout": 2000
      },
      {
        "uuid": "27a4f2c0-b237-48ed-90da-7ee38516b15f",
        "title": "Enroll Now",
        "fullFile": "",
        "file": "",
        "beforeHooks": [],
        "afterHooks": [],
        "tests": [
          {
            "title": "Enroll Now positive flow using Credit or Debit card as the payment method",
            "fullTitle": "Enroll Now Enroll Now positive flow using Credit or Debit card as the payment method",
            "duration": 26100,
            "state": "passed",
            "speed": "slow",
            "pass": true,
            "fail": false,
            "pending": false,
            "code": "//select PayPal as the payment method\ncy.get(':nth-child(8) > label').click(); //Check the \"I understand the 365-day guarantee policy.\" checkbox\ncy.get('.policy-block > label').click(); //click enroll now button\ncy.get('#enrollment-btn').click();",
            "err": {},
            "isRoot": false,
            "uuid": "92ef20fe-ce91-4bde-a6ee-4513273be981",
            "isHook": false,
            "skipped": false
          },
          {
            "title": "Enroll Now use Credit or Debit card as the payment method without filling the mandatory details",
            "fullTitle": "Enroll Now Enroll Now use Credit or Debit card as the payment method without filling the mandatory details",
            "duration": 25483,
            "state": "passed",
            "speed": "slow",
            "pass": true,
            "fail": false,
            "pending": false,
            "code": "//Check the \"I understand the 365-day guarantee policy.\" checkbox\ncy.get('.policy-block > label').click(); //click enroll now button\ncy.get('#enrollment-btn').click(); //check for the error message\ncy.get('.payment-error').should('contain', 'All fields are empty. Cannot tokenize empty card fields.!');",
            "err": {},
            "isRoot": false,
            "uuid": "bf5ae5fd-d8b4-41fe-b44a-9805c608721f",
            "isHook": false,
            "skipped": false
          },
          {
            "title": "Enroll Now without selecting the policy checkbox ",
            "fullTitle": "Enroll Now Enroll Now without selecting the policy checkbox ",
            "duration": 22800,
            "state": "passed",
            "speed": "slow",
            "pass": true,
            "fail": false,
            "pending": false,
            "code": "//click enroll now button\ncy.get('#enrollment-btn').click(); //check for the error message\ncy.get('.payment-error').should('contain', 'Please review and agree to the 365-day guarantee'); //verify checkbox is not selected\ncy.get('#policy').should('not.checked'); //verify when the policy checkbox is not selcted and enroll button is clicked, the checkbox turn red\ncy.get('#policy').should('have.css', 'border-color', '#F44336');",
            "err": {},
            "isRoot": false,
            "uuid": "a76a4e49-5b82-4e5a-8782-a39bdc23affe",
            "isHook": false,
            "skipped": false
          }
        ],
        "suites": [],
        "passes": [
          "92ef20fe-ce91-4bde-a6ee-4513273be981",
          "bf5ae5fd-d8b4-41fe-b44a-9805c608721f",
          "a76a4e49-5b82-4e5a-8782-a39bdc23affe"
        ],
        "failures": [],
        "pending": [],
        "skipped": [],
        "duration": 74383,
        "root": false,
        "rootEmpty": false,
        "_timeout": 2000
      },
      {
        "uuid": "23a86b07-304e-4014-9f26-15be5aa47d8a",
        "title": "Log in",
        "fullFile": "",
        "file": "",
        "beforeHooks": [],
        "afterHooks": [],
        "tests": [
          {
            "title": "Login positive flow",
            "fullTitle": "Log in Login positive flow",
            "duration": 21956,
            "state": "passed",
            "speed": "slow",
            "pass": true,
            "fail": false,
            "pending": false,
            "code": "cy.get('#email').type('abc@xyz.com');\ncy.get('#password').type('123456');\ncy.get('#login-block > .enrollment-body > .enrollment-btn').click(); //check if the account is created successfully\ncy.get('#success-block > .enrollment-body').should('contain', 'Congratulations!');\ncy.log('Login successful'); //check if One Payment of $997 is automatically pre-selected\ncy.get('[for=\"plan-7b8d928a-043c-4e19-a169-4dcb381794e4\"] > .price-block > .price-block-title').invoke('attr', 'checked', true);",
            "err": {},
            "isRoot": false,
            "uuid": "6dd77902-da59-45ce-b2d9-0050b5a0f6fe",
            "isHook": false,
            "skipped": false
          },
          {
            "title": "Login when username or password is wrong",
            "fullTitle": "Log in Login when username or password is wrong",
            "duration": 21251,
            "state": "passed",
            "speed": "slow",
            "pass": true,
            "fail": false,
            "pending": false,
            "code": "cy.get('#email').type('abc@xyz.com');\ncy.get('#password').type('12346');\ncy.get('#login-block > .enrollment-body > .enrollment-btn').click();\ncy.get('#login-error').should('contain', 'Bad username/password. Please try again.');",
            "err": {},
            "isRoot": false,
            "uuid": "290621b6-f260-45c2-b1b3-00323777f833",
            "isHook": false,
            "skipped": false
          },
          {
            "title": "Create Account from the Login screen",
            "fullTitle": "Log in Create Account from the Login screen",
            "duration": 15323,
            "state": "passed",
            "speed": "slow",
            "pass": true,
            "fail": false,
            "pending": false,
            "code": "//click on the create an account\ncy.get('#create').click();\ncy.get('#n_name').type('ab');\ncy.get('#n_email').type('gty@xyz.com');\ncy.get('#n_username').type('dtkrefgre');\ncy.get('#n_password').type('123456');\ncy.get('#signup-block > .enrollment-body > .enrollment-btn').click(); //check if the account is created successfully\ncy.get('#success-block > .enrollment-body').should('contain', 'Congratulations!');",
            "err": {},
            "isRoot": false,
            "uuid": "bfc6054c-becb-4f4f-8015-540ec9923a42",
            "isHook": false,
            "skipped": false
          },
          {
            "title": "Forgot Password functionality when account doesn't exists",
            "fullTitle": "Log in Forgot Password functionality when account doesn't exists",
            "duration": 49048,
            "state": "passed",
            "speed": "slow",
            "pass": true,
            "fail": false,
            "pending": false,
            "code": "cy.get('#email').type('abc@xyz.com');\ncy.get('#password').type('12346');\ncy.get('#login-block > .enrollment-body > .enrollment-btn').click(); //click on Forgot Password\ncy.get('.misc-login-option > :nth-child(1) > a').click(); //check for non registered email\ncy.get('input').type('dsheoran03@gmail.com');\ncy.get('.btn').click(); //check for the error message\ncy.get('.message').should('contain', 'No account exists for dsheoran03@gmail.com. Maybe you signed up with a different / incorrect email address?');",
            "err": {},
            "isRoot": false,
            "uuid": "1a6b291d-01dc-4cd2-8856-9478fbd47f0b",
            "isHook": false,
            "skipped": false
          },
          {
            "title": "Forgot Password functionality for an invalid email",
            "fullTitle": "Log in Forgot Password functionality for an invalid email",
            "duration": 734,
            "state": "passed",
            "speed": "slow",
            "pass": true,
            "fail": false,
            "pending": false,
            "code": "cy.get('#email').type('abc@xyz.com');\ncy.get('#password').type('12346');\ncy.get('#login-block > .enrollment-body > .enrollment-btn').click(); //click on Forgot Password\ncy.get('.misc-login-option > :nth-child(1) > a').click(); //check for invalid email\ncy.get('input').type('abc@xyz.c');\ncy.get('.btn').click(); //check for the error message\ncy.get('.message').should('contain', 'Not a valid email address');",
            "err": {},
            "isRoot": false,
            "uuid": "803078f8-f592-40dd-a864-657b9b1fbf19",
            "isHook": false,
            "skipped": false
          },
          {
            "title": "Forgot Password",
            "fullTitle": "Log in Forgot Password",
            "duration": 38534,
            "state": "passed",
            "speed": "slow",
            "pass": true,
            "fail": false,
            "pending": false,
            "code": "cy.get('#email').type('abc@xyz.com');\ncy.get('#password').type('12346');\ncy.get('#login-block > .enrollment-body > .enrollment-btn').click(); //click on Forgot Password\ncy.get('.misc-login-option > :nth-child(1) > a').click();\ncy.get('input').type('abc@xyz.com');\ncy.get('.btn').click(); //check if the email sent message is displayed\ncy.get('.message').should('contain', 'We sent you an e-mail with instructions on how to reset your password.');",
            "err": {},
            "isRoot": false,
            "uuid": "4b1ddc7d-028b-4670-9d0e-341a406e725e",
            "isHook": false,
            "skipped": false
          }
        ],
        "suites": [],
        "passes": [
          "6dd77902-da59-45ce-b2d9-0050b5a0f6fe",
          "290621b6-f260-45c2-b1b3-00323777f833",
          "bfc6054c-becb-4f4f-8015-540ec9923a42",
          "1a6b291d-01dc-4cd2-8856-9478fbd47f0b",
          "803078f8-f592-40dd-a864-657b9b1fbf19",
          "4b1ddc7d-028b-4670-9d0e-341a406e725e"
        ],
        "failures": [],
        "pending": [],
        "skipped": [],
        "duration": 146846,
        "root": false,
        "rootEmpty": false,
        "_timeout": 2000
      }
    ],
    "duration": 451265,
    "root": true,
    "rootEmpty": true,
    "title": "",
    "fullFile": "",
    "file": "",
    "beforeHooks": [],
    "afterHooks": [],
    "passes": [],
    "failures": [],
    "pending": [],
    "skipped": [],
    "_timeout": 2000
  },
  "copyrightYear": 2019
}